t=2017-08-27T00:00:02+0530 lvl=info msg="Shutdown started" logger=server code=0 reason="system signal: interrupt"
t=2017-08-27T11:41:34+0530 lvl=info msg="Starting Grafana" logger=main version=4.4.3 commit=54c79c564 compiled=2017-08-07T14:20:18+0530
t=2017-08-27T11:41:34+0530 lvl=info msg="Config loaded from" logger=settings file="E:\\Program tools\\grafana-4.4.3.windows-x64\\grafana-4.4.3/conf/defaults.ini"
t=2017-08-27T11:41:34+0530 lvl=info msg="Path Home" logger=settings path="E:\\Program tools\\grafana-4.4.3.windows-x64\\grafana-4.4.3"
t=2017-08-27T11:41:34+0530 lvl=info msg="Path Data" logger=settings path="E:\\Program tools\\grafana-4.4.3.windows-x64\\grafana-4.4.3\\data"
t=2017-08-27T11:41:34+0530 lvl=info msg="Path Logs" logger=settings path="E:\\Program tools\\grafana-4.4.3.windows-x64\\grafana-4.4.3\\data\\log"
t=2017-08-27T11:41:34+0530 lvl=info msg="Path Plugins" logger=settings path="E:\\Program tools\\grafana-4.4.3.windows-x64\\grafana-4.4.3\\data\\plugins"
t=2017-08-27T11:41:34+0530 lvl=info msg="Initializing DB" logger=sqlstore dbtype=sqlite3
t=2017-08-27T11:41:34+0530 lvl=info msg="Starting DB migration" logger=migrator
t=2017-08-27T11:41:34+0530 lvl=info msg="Executing migration" logger=migrator id="copy data account to org"
t=2017-08-27T11:41:34+0530 lvl=info msg="Skipping migration condition not fulfilled" logger=migrator id="copy data account to org"
t=2017-08-27T11:41:34+0530 lvl=info msg="Executing migration" logger=migrator id="copy data account_user to org_user"
t=2017-08-27T11:41:34+0530 lvl=info msg="Skipping migration condition not fulfilled" logger=migrator id="copy data account_user to org_user"
t=2017-08-27T11:41:34+0530 lvl=info msg="Starting plugin search" logger=plugins
t=2017-08-27T11:41:34+0530 lvl=info msg="Registering plugin" logger=plugins name="Alarm Box"
t=2017-08-27T11:41:34+0530 lvl=info msg="Registering plugin" logger=plugins name=Plotly
t=2017-08-27T11:41:34+0530 lvl=info msg="Initializing Alerting" logger=alerting.engine
t=2017-08-27T11:41:34+0530 lvl=info msg="Initializing CleanUpService" logger=cleanup
t=2017-08-27T11:41:34+0530 lvl=info msg="Initializing Stream Manager"
t=2017-08-27T11:41:34+0530 lvl=info msg="Initializing HTTP Server" logger=http.server address=0.0.0.0:3000 protocol=http subUrl= socket=
t=2017-08-27T11:41:39+0530 lvl=info msg="Request Completed" logger=context userId=0 orgId=0 uname= method=GET path=/ status=302 remote_addr=[::1] time_ms=26 size=29 referer=
t=2017-08-27T11:41:39+0530 lvl=info msg="Request Completed" logger=context userId=0 orgId=0 uname= method=GET path=/login status=302 remote_addr=[::1] time_ms=21 size=32 referer=
t=2018-04-07T14:42:08+0530 lvl=info msg="Starting Grafana" logger=main version=4.4.3 commit=54c79c564 compiled=2017-08-07T14:20:18+0530
t=2018-04-07T14:42:08+0530 lvl=info msg="Config loaded from" logger=settings file=E:\\Projects\\Bio-Digester\\grafana-4.4.3.windows-x64\\grafana-4.4.3/conf/defaults.ini
t=2018-04-07T14:42:08+0530 lvl=info msg="Path Home" logger=settings path=E:\\Projects\\Bio-Digester\\grafana-4.4.3.windows-x64\\grafana-4.4.3
t=2018-04-07T14:42:08+0530 lvl=info msg="Path Data" logger=settings path=E:\\Projects\\Bio-Digester\\grafana-4.4.3.windows-x64\\grafana-4.4.3\\data
t=2018-04-07T14:42:08+0530 lvl=info msg="Path Logs" logger=settings path=E:\\Projects\\Bio-Digester\\grafana-4.4.3.windows-x64\\grafana-4.4.3\\data\\log
t=2018-04-07T14:42:08+0530 lvl=info msg="Path Plugins" logger=settings path=E:\\Projects\\Bio-Digester\\grafana-4.4.3.windows-x64\\grafana-4.4.3\\data\\plugins
t=2018-04-07T14:42:08+0530 lvl=info msg="Initializing DB" logger=sqlstore dbtype=sqlite3
t=2018-04-07T14:42:08+0530 lvl=info msg="Starting DB migration" logger=migrator
t=2018-04-07T14:42:08+0530 lvl=info msg="Executing migration" logger=migrator id="copy data account to org"
t=2018-04-07T14:42:08+0530 lvl=info msg="Skipping migration condition not fulfilled" logger=migrator id="copy data account to org"
t=2018-04-07T14:42:08+0530 lvl=info msg="Executing migration" logger=migrator id="copy data account_user to org_user"
t=2018-04-07T14:42:08+0530 lvl=info msg="Skipping migration condition not fulfilled" logger=migrator id="copy data account_user to org_user"
t=2018-04-07T14:42:08+0530 lvl=info msg="Starting plugin search" logger=plugins
t=2018-04-07T14:42:08+0530 lvl=info msg="Registering plugin" logger=plugins name="Alarm Box"
t=2018-04-07T14:42:08+0530 lvl=info msg="Registering plugin" logger=plugins name=Plotly
t=2018-04-07T14:42:08+0530 lvl=info msg="Initializing CleanUpService" logger=cleanup
t=2018-04-07T14:42:08+0530 lvl=info msg="Initializing Alerting" logger=alerting.engine
t=2018-04-07T14:42:08+0530 lvl=info msg="Initializing Stream Manager"
t=2018-04-07T14:42:08+0530 lvl=info msg="Initializing HTTP Server" logger=http.server address=0.0.0.0:3000 protocol=http subUrl= socket=
t=2018-04-07T14:42:15+0530 lvl=info msg="Shutdown started" logger=server code=0 reason="system signal: interrupt"
t=2018-04-07T14:42:30+0530 lvl=info msg="Starting Grafana" logger=main version=4.4.3 commit=54c79c564 compiled=2017-08-07T14:20:18+0530
t=2018-04-07T14:42:30+0530 lvl=info msg="Config loaded from" logger=settings file=E:\\Projects\\Bio-Digester\\grafana-4.4.3.windows-x64\\grafana-4.4.3/conf/defaults.ini
t=2018-04-07T14:42:30+0530 lvl=info msg="Path Home" logger=settings path=E:\\Projects\\Bio-Digester\\grafana-4.4.3.windows-x64\\grafana-4.4.3
t=2018-04-07T14:42:30+0530 lvl=info msg="Path Data" logger=settings path=E:\\Projects\\Bio-Digester\\grafana-4.4.3.windows-x64\\grafana-4.4.3\\data
t=2018-04-07T14:42:30+0530 lvl=info msg="Path Logs" logger=settings path=E:\\Projects\\Bio-Digester\\grafana-4.4.3.windows-x64\\grafana-4.4.3\\data\\log
t=2018-04-07T14:42:30+0530 lvl=info msg="Path Plugins" logger=settings path=E:\\Projects\\Bio-Digester\\grafana-4.4.3.windows-x64\\grafana-4.4.3\\data\\plugins
t=2018-04-07T14:42:30+0530 lvl=info msg="Initializing DB" logger=sqlstore dbtype=sqlite3
t=2018-04-07T14:42:30+0530 lvl=info msg="Starting DB migration" logger=migrator
t=2018-04-07T14:42:30+0530 lvl=info msg="Executing migration" logger=migrator id="copy data account to org"
t=2018-04-07T14:42:30+0530 lvl=info msg="Skipping migration condition not fulfilled" logger=migrator id="copy data account to org"
t=2018-04-07T14:42:30+0530 lvl=info msg="Executing migration" logger=migrator id="copy data account_user to org_user"
t=2018-04-07T14:42:30+0530 lvl=info msg="Skipping migration condition not fulfilled" logger=migrator id="copy data account_user to org_user"
t=2018-04-07T14:42:30+0530 lvl=info msg="Starting plugin search" logger=plugins
t=2018-04-07T14:42:30+0530 lvl=info msg="Registering plugin" logger=plugins name="Alarm Box"
t=2018-04-07T14:42:30+0530 lvl=info msg="Registering plugin" logger=plugins name=Plotly
t=2018-04-07T14:42:30+0530 lvl=info msg="Initializing CleanUpService" logger=cleanup
t=2018-04-07T14:42:30+0530 lvl=info msg="Initializing Alerting" logger=alerting.engine
t=2018-04-07T14:42:30+0530 lvl=info msg="Initializing Stream Manager"
t=2018-04-07T14:42:30+0530 lvl=info msg="Initializing HTTP Server" logger=http.server address=0.0.0.0:3000 protocol=http subUrl= socket=
t=2018-04-07T14:42:34+0530 lvl=info msg="Shutdown started" logger=server code=0 reason="system signal: interrupt"
t=2018-04-07T14:42:46+0530 lvl=info msg="Starting Grafana" logger=main version=4.4.3 commit=54c79c564 compiled=2017-08-07T14:20:18+0530
t=2018-04-07T14:42:46+0530 lvl=info msg="Config loaded from" logger=settings file=E:\\Projects\\Bio-Digester\\grafana-4.4.3.windows-x64\\grafana-4.4.3/conf/defaults.ini
t=2018-04-07T14:42:46+0530 lvl=info msg="Path Home" logger=settings path=E:\\Projects\\Bio-Digester\\grafana-4.4.3.windows-x64\\grafana-4.4.3
t=2018-04-07T14:42:46+0530 lvl=info msg="Path Data" logger=settings path=E:\\Projects\\Bio-Digester\\grafana-4.4.3.windows-x64\\grafana-4.4.3\\data
t=2018-04-07T14:42:46+0530 lvl=info msg="Path Logs" logger=settings path=E:\\Projects\\Bio-Digester\\grafana-4.4.3.windows-x64\\grafana-4.4.3\\data\\log
t=2018-04-07T14:42:46+0530 lvl=info msg="Path Plugins" logger=settings path=E:\\Projects\\Bio-Digester\\grafana-4.4.3.windows-x64\\grafana-4.4.3\\data\\plugins
t=2018-04-07T14:42:46+0530 lvl=info msg="Initializing DB" logger=sqlstore dbtype=sqlite3
t=2018-04-07T14:42:46+0530 lvl=info msg="Starting DB migration" logger=migrator
t=2018-04-07T14:42:46+0530 lvl=info msg="Executing migration" logger=migrator id="copy data account to org"
t=2018-04-07T14:42:46+0530 lvl=info msg="Skipping migration condition not fulfilled" logger=migrator id="copy data account to org"
t=2018-04-07T14:42:46+0530 lvl=info msg="Executing migration" logger=migrator id="copy data account_user to org_user"
t=2018-04-07T14:42:46+0530 lvl=info msg="Skipping migration condition not fulfilled" logger=migrator id="copy data account_user to org_user"
t=2018-04-07T14:42:46+0530 lvl=info msg="Starting plugin search" logger=plugins
t=2018-04-07T14:42:46+0530 lvl=info msg="Registering plugin" logger=plugins name="Alarm Box"
t=2018-04-07T14:42:46+0530 lvl=info msg="Registering plugin" logger=plugins name=Plotly
t=2018-04-07T14:42:46+0530 lvl=info msg="Initializing Alerting" logger=alerting.engine
t=2018-04-07T14:42:46+0530 lvl=info msg="Initializing CleanUpService" logger=cleanup
t=2018-04-07T14:42:46+0530 lvl=info msg="Initializing Stream Manager"
t=2018-04-07T14:42:46+0530 lvl=info msg="Initializing HTTP Server" logger=http.server address=0.0.0.0:3000 protocol=http subUrl= socket=
t=2018-04-07T14:42:55+0530 lvl=info msg="Request Completed" logger=context userId=0 orgId=0 uname= method=GET path=/ status=302 remote_addr=[::1] time_ms=1 size=29 referer=
t=2018-04-07T14:43:01+0530 lvl=info msg="Request Completed" logger=context userId=1 orgId=1 uname=admin method=POST path=/_msearch status=502 remote_addr=::1 time_ms=2023 size=0 referer="http://localhost:3000/dashboard/db/temp-dashboard?refresh=5s&orgId=1"
t=2018-04-07T14:43:01+0530 lvl=info msg="Request Completed" logger=context userId=1 orgId=1 uname=admin method=POST path=/_msearch status=502 remote_addr=::1 time_ms=2027 size=0 referer="http://localhost:3000/dashboard/db/temp-dashboard?refresh=5s&orgId=1"
t=2018-04-07T14:43:01+0530 lvl=info msg="Request Completed" logger=context userId=1 orgId=1 uname=admin method=POST path=/_msearch status=502 remote_addr=::1 time_ms=2005 size=0 referer="http://localhost:3000/dashboard/db/temp-dashboard?refresh=5s&orgId=1"
t=2018-04-07T14:43:06+0530 lvl=info msg="Request Completed" logger=context userId=1 orgId=1 uname=admin method=POST path=/_msearch status=502 remote_addr=::1 time_ms=2008 size=0 referer="http://localhost:3000/dashboard/db/temp-dashboard?refresh=5s&orgId=1"
t=2018-04-07T14:43:06+0530 lvl=info msg="Request Completed" logger=context userId=1 orgId=1 uname=admin method=POST path=/_msearch status=502 remote_addr=::1 time_ms=2012 size=0 referer="http://localhost:3000/dashboard/db/temp-dashboard?refresh=5s&orgId=1"
t=2018-04-07T14:43:06+0530 lvl=info msg="Request Completed" logger=context userId=1 orgId=1 uname=admin method=POST path=/_msearch status=502 remote_addr=::1 time_ms=2020 size=0 referer="http://localhost:3000/dashboard/db/temp-dashboard?refresh=5s&orgId=1"
t=2018-04-07T14:43:11+0530 lvl=info msg="Request Completed" logger=context userId=1 orgId=1 uname=admin method=POST path=/_msearch status=502 remote_addr=::1 time_ms=2015 size=0 referer="http://localhost:3000/dashboard/db/temp-dashboard?refresh=5s&orgId=1"
t=2018-04-07T14:43:11+0530 lvl=info msg="Request Completed" logger=context userId=1 orgId=1 uname=admin method=POST path=/_msearch status=502 remote_addr=::1 time_ms=2031 size=0 referer="http://localhost:3000/dashboard/db/temp-dashboard?refresh=5s&orgId=1"
t=2018-04-07T14:43:11+0530 lvl=info msg="Request Completed" logger=context userId=1 orgId=1 uname=admin method=POST path=/_msearch status=502 remote_addr=::1 time_ms=2048 size=0 referer="http://localhost:3000/dashboard/db/temp-dashboard?refresh=5s&orgId=1"
t=2018-04-07T14:43:16+0530 lvl=info msg="Request Completed" logger=context userId=1 orgId=1 uname=admin method=POST path=/_msearch status=502 remote_addr=::1 time_ms=2019 size=0 referer="http://localhost:3000/dashboard/db/temp-dashboard?refresh=5s&orgId=1"
t=2018-04-07T14:43:16+0530 lvl=info msg="Request Completed" logger=context userId=1 orgId=1 uname=admin method=POST path=/_msearch status=502 remote_addr=::1 time_ms=2026 size=0 referer="http://localhost:3000/dashboard/db/temp-dashboard?refresh=5s&orgId=1"
t=2018-04-07T14:43:16+0530 lvl=info msg="Request Completed" logger=context userId=1 orgId=1 uname=admin method=POST path=/_msearch status=502 remote_addr=::1 time_ms=2043 size=0 referer="http://localhost:3000/dashboard/db/temp-dashboard?refresh=5s&orgId=1"
t=2018-04-07T14:43:21+0530 lvl=info msg="Request Completed" logger=context userId=1 orgId=1 uname=admin method=POST path=/_msearch status=502 remote_addr=::1 time_ms=2021 size=0 referer="http://localhost:3000/dashboard/db/temp-dashboard?refresh=5s&orgId=1"
t=2018-04-07T14:43:21+0530 lvl=info msg="Request Completed" logger=context userId=1 orgId=1 uname=admin method=POST path=/_msearch status=502 remote_addr=::1 time_ms=2024 size=0 referer="http://localhost:3000/dashboard/db/temp-dashboard?refresh=5s&orgId=1"
t=2018-04-07T14:43:21+0530 lvl=info msg="Request Completed" logger=context userId=1 orgId=1 uname=admin method=POST path=/_msearch status=502 remote_addr=::1 time_ms=2041 size=0 referer="http://localhost:3000/dashboard/db/temp-dashboard?refresh=5s&orgId=1"
t=2018-04-07T14:43:26+0530 lvl=info msg="Request Completed" logger=context userId=1 orgId=1 uname=admin method=POST path=/_msearch status=502 remote_addr=::1 time_ms=2015 size=0 referer="http://localhost:3000/dashboard/db/temp-dashboard?refresh=5s&orgId=1"
t=2018-04-07T14:43:26+0530 lvl=info msg="Request Completed" logger=context userId=1 orgId=1 uname=admin method=POST path=/_msearch status=502 remote_addr=::1 time_ms=2018 size=0 referer="http://localhost:3000/dashboard/db/temp-dashboard?refresh=5s&orgId=1"
t=2018-04-07T14:43:26+0530 lvl=info msg="Request Completed" logger=context userId=1 orgId=1 uname=admin method=POST path=/_msearch status=502 remote_addr=::1 time_ms=2022 size=0 referer="http://localhost:3000/dashboard/db/temp-dashboard?refresh=5s&orgId=1"
t=2018-04-07T14:43:31+0530 lvl=info msg="Request Completed" logger=context userId=1 orgId=1 uname=admin method=POST path=/_msearch status=502 remote_addr=::1 time_ms=2019 size=0 referer="http://localhost:3000/dashboard/db/temp-dashboard?refresh=5s&orgId=1"
t=2018-04-07T14:43:31+0530 lvl=info msg="Request Completed" logger=context userId=1 orgId=1 uname=admin method=POST path=/_msearch status=502 remote_addr=::1 time_ms=2024 size=0 referer="http://localhost:3000/dashboard/db/temp-dashboard?refresh=5s&orgId=1"
t=2018-04-07T14:43:31+0530 lvl=info msg="Request Completed" logger=context userId=1 orgId=1 uname=admin method=POST path=/_msearch status=502 remote_addr=::1 time_ms=2033 size=0 referer="http://localhost:3000/dashboard/db/temp-dashboard?refresh=5s&orgId=1"
t=2018-04-07T14:43:36+0530 lvl=info msg="Request Completed" logger=context userId=1 orgId=1 uname=admin method=POST path=/_msearch status=502 remote_addr=::1 time_ms=2021 size=0 referer="http://localhost:3000/dashboard/db/temp-dashboard?refresh=5s&orgId=1"
t=2018-04-07T14:43:36+0530 lvl=info msg="Request Completed" logger=context userId=1 orgId=1 uname=admin method=POST path=/_msearch status=502 remote_addr=::1 time_ms=2028 size=0 referer="http://localhost:3000/dashboard/db/temp-dashboard?refresh=5s&orgId=1"
t=2018-04-07T14:43:36+0530 lvl=info msg="Request Completed" logger=context userId=1 orgId=1 uname=admin method=POST path=/_msearch status=502 remote_addr=::1 time_ms=2040 size=0 referer="http://localhost:3000/dashboard/db/temp-dashboard?refresh=5s&orgId=1"
t=2018-04-07T14:43:41+0530 lvl=info msg="Request Completed" logger=context userId=1 orgId=1 uname=admin method=POST path=/_msearch status=502 remote_addr=::1 time_ms=2011 size=0 referer="http://localhost:3000/dashboard/db/temp-dashboard?refresh=5s&orgId=1"
t=2018-04-07T14:43:41+0530 lvl=info msg="Request Completed" logger=context userId=1 orgId=1 uname=admin method=POST path=/_msearch status=502 remote_addr=::1 time_ms=2016 size=0 referer="http://localhost:3000/dashboard/db/temp-dashboard?refresh=5s&orgId=1"
t=2018-04-07T14:43:41+0530 lvl=info msg="Request Completed" logger=context userId=1 orgId=1 uname=admin method=POST path=/_msearch status=502 remote_addr=::1 time_ms=2028 size=0 referer="http://localhost:3000/dashboard/db/temp-dashboard?refresh=5s&orgId=1"
t=2018-04-07T14:43:46+0530 lvl=info msg="Request Completed" logger=context userId=1 orgId=1 uname=admin method=POST path=/_msearch status=502 remote_addr=::1 time_ms=2016 size=0 referer="http://localhost:3000/dashboard/db/temp-dashboard?refresh=5s&orgId=1"
t=2018-04-07T14:43:46+0530 lvl=info msg="Request Completed" logger=context userId=1 orgId=1 uname=admin method=POST path=/_msearch status=502 remote_addr=::1 time_ms=2026 size=0 referer="http://localhost:3000/dashboard/db/temp-dashboard?refresh=5s&orgId=1"
t=2018-04-07T14:43:46+0530 lvl=info msg="Request Completed" logger=context userId=1 orgId=1 uname=admin method=POST path=/_msearch status=502 remote_addr=::1 time_ms=2031 size=0 referer="http://localhost:3000/dashboard/db/temp-dashboard?refresh=5s&orgId=1"
t=2018-04-07T14:43:51+0530 lvl=info msg="Request Completed" logger=context userId=1 orgId=1 uname=admin method=POST path=/_msearch status=502 remote_addr=::1 time_ms=2020 size=0 referer="http://localhost:3000/dashboard/db/temp-dashboard?refresh=5s&orgId=1"
t=2018-04-07T14:43:51+0530 lvl=info msg="Request Completed" logger=context userId=1 orgId=1 uname=admin method=POST path=/_msearch status=502 remote_addr=::1 time_ms=2024 size=0 referer="http://localhost:3000/dashboard/db/temp-dashboard?refresh=5s&orgId=1"
t=2018-04-07T14:43:51+0530 lvl=info msg="Request Completed" logger=context userId=1 orgId=1 uname=admin method=POST path=/_msearch status=502 remote_addr=::1 time_ms=2041 size=0 referer="http://localhost:3000/dashboard/db/temp-dashboard?refresh=5s&orgId=1"
t=2018-04-07T14:43:56+0530 lvl=info msg="Request Completed" logger=context userId=1 orgId=1 uname=admin method=POST path=/_msearch status=502 remote_addr=::1 time_ms=2021 size=0 referer="http://localhost:3000/dashboard/db/temp-dashboard?refresh=5s&orgId=1"
t=2018-04-07T14:43:56+0530 lvl=info msg="Request Completed" logger=context userId=1 orgId=1 uname=admin method=POST path=/_msearch status=502 remote_addr=::1 time_ms=2033 size=0 referer="http://localhost:3000/dashboard/db/temp-dashboard?refresh=5s&orgId=1"
t=2018-04-07T14:43:56+0530 lvl=info msg="Request Completed" logger=context userId=1 orgId=1 uname=admin method=POST path=/_msearch status=502 remote_addr=::1 time_ms=2050 size=0 referer="http://localhost:3000/dashboard/db/temp-dashboard?refresh=5s&orgId=1"
t=2018-04-07T14:44:01+0530 lvl=info msg="Request Completed" logger=context userId=1 orgId=1 uname=admin method=POST path=/_msearch status=502 remote_addr=::1 time_ms=2013 size=0 referer="http://localhost:3000/dashboard/db/temp-dashboard?refresh=5s&orgId=1"
t=2018-04-07T14:44:01+0530 lvl=info msg="Request Completed" logger=context userId=1 orgId=1 uname=admin method=POST path=/_msearch status=502 remote_addr=::1 time_ms=2013 size=0 referer="http://localhost:3000/dashboard/db/temp-dashboard?refresh=5s&orgId=1"
t=2018-04-07T14:44:01+0530 lvl=info msg="Request Completed" logger=context userId=1 orgId=1 uname=admin method=POST path=/_msearch status=502 remote_addr=::1 time_ms=2034 size=0 referer="http://localhost:3000/dashboard/db/temp-dashboard?refresh=5s&orgId=1"
t=2018-04-07T14:44:06+0530 lvl=info msg="Request Completed" logger=context userId=1 orgId=1 uname=admin method=POST path=/_msearch status=502 remote_addr=::1 time_ms=2011 size=0 referer="http://localhost:3000/dashboard/db/temp-dashboard?refresh=5s&orgId=1"
t=2018-04-07T14:44:06+0530 lvl=info msg="Request Completed" logger=context userId=1 orgId=1 uname=admin method=POST path=/_msearch status=502 remote_addr=::1 time_ms=2024 size=0 referer="http://localhost:3000/dashboard/db/temp-dashboard?refresh=5s&orgId=1"
t=2018-04-07T14:44:06+0530 lvl=info msg="Request Completed" logger=context userId=1 orgId=1 uname=admin method=POST path=/_msearch status=502 remote_addr=::1 time_ms=2036 size=0 referer="http://localhost:3000/dashboard/db/temp-dashboard?refresh=5s&orgId=1"
t=2018-04-07T14:44:11+0530 lvl=info msg="Request Completed" logger=context userId=1 orgId=1 uname=admin method=POST path=/_msearch status=502 remote_addr=::1 time_ms=2013 size=0 referer="http://localhost:3000/dashboard/db/temp-dashboard?refresh=5s&orgId=1"
t=2018-04-07T14:44:11+0530 lvl=info msg="Request Completed" logger=context userId=1 orgId=1 uname=admin method=POST path=/_msearch status=502 remote_addr=::1 time_ms=2019 size=0 referer="http://localhost:3000/dashboard/db/temp-dashboard?refresh=5s&orgId=1"
t=2018-04-07T14:44:11+0530 lvl=info msg="Request Completed" logger=context userId=1 orgId=1 uname=admin method=POST path=/_msearch status=502 remote_addr=::1 time_ms=2036 size=0 referer="http://localhost:3000/dashboard/db/temp-dashboard?refresh=5s&orgId=1"
t=2018-04-07T14:44:16+0530 lvl=info msg="Request Completed" logger=context userId=1 orgId=1 uname=admin method=POST path=/_msearch status=502 remote_addr=::1 time_ms=2019 size=0 referer="http://localhost:3000/dashboard/db/temp-dashboard?refresh=5s&orgId=1"
t=2018-04-07T14:44:16+0530 lvl=info msg="Request Completed" logger=context userId=1 orgId=1 uname=admin method=POST path=/_msearch status=502 remote_addr=::1 time_ms=2027 size=0 referer="http://localhost:3000/dashboard/db/temp-dashboard?refresh=5s&orgId=1"
t=2018-04-07T14:44:16+0530 lvl=info msg="Request Completed" logger=context userId=1 orgId=1 uname=admin method=POST path=/_msearch status=502 remote_addr=::1 time_ms=2041 size=0 referer="http://localhost:3000/dashboard/db/temp-dashboard?refresh=5s&orgId=1"
t=2018-04-07T14:44:21+0530 lvl=info msg="Request Completed" logger=context userId=1 orgId=1 uname=admin method=POST path=/_msearch status=502 remote_addr=::1 time_ms=2025 size=0 referer="http://localhost:3000/dashboard/db/temp-dashboard?refresh=5s&orgId=1"
t=2018-04-07T14:44:21+0530 lvl=info msg="Request Completed" logger=context userId=1 orgId=1 uname=admin method=POST path=/_msearch status=502 remote_addr=::1 time_ms=2028 size=0 referer="http://localhost:3000/dashboard/db/temp-dashboard?refresh=5s&orgId=1"
t=2018-04-07T14:44:21+0530 lvl=info msg="Request Completed" logger=context userId=1 orgId=1 uname=admin method=POST path=/_msearch status=502 remote_addr=::1 time_ms=2044 size=0 referer="http://localhost:3000/dashboard/db/temp-dashboard?refresh=5s&orgId=1"
t=2018-04-07T14:44:26+0530 lvl=info msg="Request Completed" logger=context userId=1 orgId=1 uname=admin method=POST path=/_msearch status=502 remote_addr=::1 time_ms=2019 size=0 referer="http://localhost:3000/dashboard/db/temp-dashboard?refresh=5s&orgId=1"
t=2018-04-07T14:44:26+0530 lvl=info msg="Request Completed" logger=context userId=1 orgId=1 uname=admin method=POST path=/_msearch status=502 remote_addr=::1 time_ms=2026 size=0 referer="http://localhost:3000/dashboard/db/temp-dashboard?refresh=5s&orgId=1"
t=2018-04-07T14:44:26+0530 lvl=info msg="Request Completed" logger=context userId=1 orgId=1 uname=admin method=POST path=/_msearch status=502 remote_addr=::1 time_ms=2043 size=0 referer="http://localhost:3000/dashboard/db/temp-dashboard?refresh=5s&orgId=1"
t=2018-04-07T14:44:31+0530 lvl=info msg="Request Completed" logger=context userId=1 orgId=1 uname=admin method=POST path=/_msearch status=502 remote_addr=::1 time_ms=2020 size=0 referer="http://localhost:3000/dashboard/db/temp-dashboard?refresh=5s&orgId=1"
t=2018-04-07T14:44:31+0530 lvl=info msg="Request Completed" logger=context userId=1 orgId=1 uname=admin method=POST path=/_msearch status=502 remote_addr=::1 time_ms=2023 size=0 referer="http://localhost:3000/dashboard/db/temp-dashboard?refresh=5s&orgId=1"
t=2018-04-07T14:44:31+0530 lvl=info msg="Request Completed" logger=context userId=1 orgId=1 uname=admin method=POST path=/_msearch status=502 remote_addr=::1 time_ms=2037 size=0 referer="http://localhost:3000/dashboard/db/temp-dashboard?refresh=5s&orgId=1"
t=2018-04-07T14:44:36+0530 lvl=info msg="Request Completed" logger=context userId=1 orgId=1 uname=admin method=POST path=/_msearch status=502 remote_addr=::1 time_ms=2019 size=0 referer="http://localhost:3000/dashboard/db/temp-dashboard?refresh=5s&orgId=1"
t=2018-04-07T14:44:36+0530 lvl=info msg="Request Completed" logger=context userId=1 orgId=1 uname=admin method=POST path=/_msearch status=502 remote_addr=::1 time_ms=2026 size=0 referer="http://localhost:3000/dashboard/db/temp-dashboard?refresh=5s&orgId=1"
t=2018-04-07T14:44:36+0530 lvl=info msg="Request Completed" logger=context userId=1 orgId=1 uname=admin method=POST path=/_msearch status=502 remote_addr=::1 time_ms=2047 size=0 referer="http://localhost:3000/dashboard/db/temp-dashboard?refresh=5s&orgId=1"
t=2018-04-07T14:44:41+0530 lvl=info msg="Request Completed" logger=context userId=1 orgId=1 uname=admin method=POST path=/_msearch status=502 remote_addr=::1 time_ms=2020 size=0 referer="http://localhost:3000/dashboard/db/temp-dashboard?refresh=5s&orgId=1"
t=2018-04-07T14:44:41+0530 lvl=info msg="Request Completed" logger=context userId=1 orgId=1 uname=admin method=POST path=/_msearch status=502 remote_addr=::1 time_ms=2019 size=0 referer="http://localhost:3000/dashboard/db/temp-dashboard?refresh=5s&orgId=1"
t=2018-04-07T14:44:41+0530 lvl=info msg="Request Completed" logger=context userId=1 orgId=1 uname=admin method=POST path=/_msearch status=502 remote_addr=::1 time_ms=2031 size=0 referer="http://localhost:3000/dashboard/db/temp-dashboard?refresh=5s&orgId=1"
t=2018-04-07T14:44:55+0530 lvl=info msg="Request Completed" logger=context userId=1 orgId=1 uname=admin method=POST path=/_msearch status=502 remote_addr=::1 time_ms=2007 size=0 referer="http://localhost:3000/dashboard/db/temp-dashboard?refresh=5s&orgId=1"
t=2018-04-07T14:44:55+0530 lvl=info msg="Request Completed" logger=context userId=1 orgId=1 uname=admin method=POST path=/_msearch status=502 remote_addr=::1 time_ms=2007 size=0 referer="http://localhost:3000/dashboard/db/temp-dashboard?refresh=5s&orgId=1"
t=2018-04-07T14:44:55+0530 lvl=info msg="Request Completed" logger=context userId=1 orgId=1 uname=admin method=POST path=/_msearch status=502 remote_addr=::1 time_ms=2008 size=0 referer="http://localhost:3000/dashboard/db/temp-dashboard?refresh=5s&orgId=1"
t=2018-04-07T14:45:00+0530 lvl=info msg="Request Completed" logger=context userId=1 orgId=1 uname=admin method=POST path=/_msearch status=502 remote_addr=::1 time_ms=2012 size=0 referer="http://localhost:3000/dashboard/db/temp-dashboard?refresh=5s&orgId=1"
t=2018-04-07T14:45:00+0530 lvl=info msg="Request Completed" logger=context userId=1 orgId=1 uname=admin method=POST path=/_msearch status=502 remote_addr=::1 time_ms=2027 size=0 referer="http://localhost:3000/dashboard/db/temp-dashboard?refresh=5s&orgId=1"
t=2018-04-07T14:45:00+0530 lvl=info msg="Request Completed" logger=context userId=1 orgId=1 uname=admin method=POST path=/_msearch status=502 remote_addr=::1 time_ms=2046 size=0 referer="http://localhost:3000/dashboard/db/temp-dashboard?refresh=5s&orgId=1"
t=2018-04-07T14:45:05+0530 lvl=info msg="Request Completed" logger=context userId=1 orgId=1 uname=admin method=POST path=/_msearch status=502 remote_addr=::1 time_ms=2009 size=0 referer="http://localhost:3000/dashboard/db/temp-dashboard?refresh=5s&orgId=1"
t=2018-04-07T14:45:05+0530 lvl=info msg="Request Completed" logger=context userId=1 orgId=1 uname=admin method=POST path=/_msearch status=502 remote_addr=::1 time_ms=2024 size=0 referer="http://localhost:3000/dashboard/db/temp-dashboard?refresh=5s&orgId=1"
t=2018-04-07T14:45:05+0530 lvl=info msg="Request Completed" logger=context userId=1 orgId=1 uname=admin method=POST path=/_msearch status=502 remote_addr=::1 time_ms=2040 size=0 referer="http://localhost:3000/dashboard/db/temp-dashboard?refresh=5s&orgId=1"
t=2018-04-07T14:45:10+0530 lvl=info msg="Request Completed" logger=context userId=1 orgId=1 uname=admin method=POST path=/_msearch status=502 remote_addr=::1 time_ms=2015 size=0 referer="http://localhost:3000/dashboard/db/temp-dashboard?refresh=5s&orgId=1"
t=2018-04-07T14:45:10+0530 lvl=info msg="Request Completed" logger=context userId=1 orgId=1 uname=admin method=POST path=/_msearch status=502 remote_addr=::1 time_ms=2019 size=0 referer="http://localhost:3000/dashboard/db/temp-dashboard?refresh=5s&orgId=1"
t=2018-04-07T14:45:10+0530 lvl=info msg="Request Completed" logger=context userId=1 orgId=1 uname=admin method=POST path=/_msearch status=502 remote_addr=::1 time_ms=2039 size=0 referer="http://localhost:3000/dashboard/db/temp-dashboard?refresh=5s&orgId=1"
t=2018-04-07T14:45:15+0530 lvl=info msg="Request Completed" logger=context userId=1 orgId=1 uname=admin method=POST path=/_msearch status=502 remote_addr=::1 time_ms=2012 size=0 referer="http://localhost:3000/dashboard/db/temp-dashboard?refresh=5s&orgId=1"
t=2018-04-07T14:45:15+0530 lvl=info msg="Request Completed" logger=context userId=1 orgId=1 uname=admin method=POST path=/_msearch status=502 remote_addr=::1 time_ms=2025 size=0 referer="http://localhost:3000/dashboard/db/temp-dashboard?refresh=5s&orgId=1"
t=2018-04-07T14:45:15+0530 lvl=info msg="Request Completed" logger=context userId=1 orgId=1 uname=admin method=POST path=/_msearch status=502 remote_addr=::1 time_ms=2037 size=0 referer="http://localhost:3000/dashboard/db/temp-dashboard?refresh=5s&orgId=1"
t=2018-04-07T15:20:17+0530 lvl=info msg="Starting Grafana" logger=main version=4.4.3 commit=54c79c564 compiled=2017-08-07T14:20:18+0530
t=2018-04-07T15:20:17+0530 lvl=info msg="Config loaded from" logger=settings file=E:\\Projects\\Bio-Digester\\grafana-4.4.3.windows-x64\\grafana-4.4.3/conf/defaults.ini
t=2018-04-07T15:20:17+0530 lvl=info msg="Path Home" logger=settings path=E:\\Projects\\Bio-Digester\\grafana-4.4.3.windows-x64\\grafana-4.4.3
t=2018-04-07T15:20:17+0530 lvl=info msg="Path Data" logger=settings path=E:\\Projects\\Bio-Digester\\grafana-4.4.3.windows-x64\\grafana-4.4.3\\data
t=2018-04-07T15:20:17+0530 lvl=info msg="Path Logs" logger=settings path=E:\\Projects\\Bio-Digester\\grafana-4.4.3.windows-x64\\grafana-4.4.3\\data\\log
t=2018-04-07T15:20:17+0530 lvl=info msg="Path Plugins" logger=settings path=E:\\Projects\\Bio-Digester\\grafana-4.4.3.windows-x64\\grafana-4.4.3\\data\\plugins
t=2018-04-07T15:20:17+0530 lvl=info msg="Initializing DB" logger=sqlstore dbtype=sqlite3
t=2018-04-07T15:20:17+0530 lvl=info msg="Starting DB migration" logger=migrator
t=2018-04-07T15:20:17+0530 lvl=info msg="Executing migration" logger=migrator id="copy data account to org"
t=2018-04-07T15:20:17+0530 lvl=info msg="Skipping migration condition not fulfilled" logger=migrator id="copy data account to org"
t=2018-04-07T15:20:17+0530 lvl=info msg="Executing migration" logger=migrator id="copy data account_user to org_user"
t=2018-04-07T15:20:17+0530 lvl=info msg="Skipping migration condition not fulfilled" logger=migrator id="copy data account_user to org_user"
t=2018-04-07T15:20:17+0530 lvl=info msg="Starting plugin search" logger=plugins
t=2018-04-07T15:20:17+0530 lvl=info msg="Registering plugin" logger=plugins name="Alarm Box"
t=2018-04-07T15:20:17+0530 lvl=info msg="Registering plugin" logger=plugins name=Plotly
t=2018-04-07T15:20:17+0530 lvl=info msg="Initializing CleanUpService" logger=cleanup
t=2018-04-07T15:20:17+0530 lvl=info msg="Initializing Alerting" logger=alerting.engine
t=2018-04-07T15:20:17+0530 lvl=info msg="Initializing Stream Manager"
t=2018-04-07T15:20:17+0530 lvl=info msg="Initializing HTTP Server" logger=http.server address=0.0.0.0:3000 protocol=http subUrl= socket=
t=2018-04-07T15:20:17+0530 lvl=eror msg="Fail to start server" logger=server error="listen tcp 0.0.0.0:3000: bind: Only one usage of each socket address (protocol/network address/port) is normally permitted."
t=2018-04-07T15:20:17+0530 lvl=info msg="Shutdown started" logger=server code=1 reason="Startup failed"
t=2018-04-07T15:20:17+0530 lvl=info msg="stopped http server" logger=http.server
t=2018-04-07T15:20:17+0530 lvl=info msg="Stopped Stream Manager"
t=2018-04-07T15:20:17+0530 lvl=info msg="Stopped CleanUpService" logger=cleanup reason="context canceled"
t=2018-04-07T15:20:17+0530 lvl=info msg="Stopped Alerting" logger=alerting.engine reason="context canceled"
t=2018-04-07T15:20:17+0530 lvl=info msg="Shutdown completed" logger=server reason="context canceled"
t=2018-04-07T15:20:34+0530 lvl=info msg="Request Completed" logger=context userId=1 orgId=1 uname=admin method=POST path=/_msearch status=502 remote_addr=::1 time_ms=2014 size=0 referer="http://localhost:3000/dashboard/db/temp-dashboard?refresh=5s&orgId=1"
t=2018-04-07T15:20:34+0530 lvl=info msg="Request Completed" logger=context userId=1 orgId=1 uname=admin method=POST path=/_msearch status=502 remote_addr=::1 time_ms=2020 size=0 referer="http://localhost:3000/dashboard/db/temp-dashboard?refresh=5s&orgId=1"
t=2018-04-07T15:20:34+0530 lvl=info msg="Request Completed" logger=context userId=1 orgId=1 uname=admin method=POST path=/_msearch status=502 remote_addr=::1 time_ms=2007 size=0 referer="http://localhost:3000/dashboard/db/temp-dashboard?refresh=5s&orgId=1"
t=2018-04-07T15:20:39+0530 lvl=info msg="Request Completed" logger=context userId=1 orgId=1 uname=admin method=POST path=/_msearch status=502 remote_addr=::1 time_ms=2012 size=0 referer="http://localhost:3000/dashboard/db/temp-dashboard?refresh=5s&orgId=1"
t=2018-04-07T15:20:39+0530 lvl=info msg="Request Completed" logger=context userId=1 orgId=1 uname=admin method=POST path=/_msearch status=502 remote_addr=::1 time_ms=2019 size=0 referer="http://localhost:3000/dashboard/db/temp-dashboard?refresh=5s&orgId=1"
t=2018-04-07T15:20:39+0530 lvl=info msg="Request Completed" logger=context userId=1 orgId=1 uname=admin method=POST path=/_msearch status=502 remote_addr=::1 time_ms=2035 size=0 referer="http://localhost:3000/dashboard/db/temp-dashboard?refresh=5s&orgId=1"
t=2018-04-07T15:20:44+0530 lvl=info msg="Request Completed" logger=context userId=1 orgId=1 uname=admin method=POST path=/_msearch status=502 remote_addr=::1 time_ms=2017 size=0 referer="http://localhost:3000/dashboard/db/temp-dashboard?refresh=5s&orgId=1"
t=2018-04-07T15:20:44+0530 lvl=info msg="Request Completed" logger=context userId=1 orgId=1 uname=admin method=POST path=/_msearch status=502 remote_addr=::1 time_ms=2031 size=0 referer="http://localhost:3000/dashboard/db/temp-dashboard?refresh=5s&orgId=1"
t=2018-04-07T15:20:44+0530 lvl=info msg="Request Completed" logger=context userId=1 orgId=1 uname=admin method=POST path=/_msearch status=502 remote_addr=::1 time_ms=2043 size=0 referer="http://localhost:3000/dashboard/db/temp-dashboard?refresh=5s&orgId=1"
t=2018-04-07T15:20:49+0530 lvl=info msg="Request Completed" logger=context userId=1 orgId=1 uname=admin method=POST path=/_msearch status=502 remote_addr=::1 time_ms=2020 size=0 referer="http://localhost:3000/dashboard/db/temp-dashboard?refresh=5s&orgId=1"
t=2018-04-07T15:20:49+0530 lvl=info msg="Request Completed" logger=context userId=1 orgId=1 uname=admin method=POST path=/_msearch status=502 remote_addr=::1 time_ms=2019 size=0 referer="http://localhost:3000/dashboard/db/temp-dashboard?refresh=5s&orgId=1"
t=2018-04-07T15:20:49+0530 lvl=info msg="Request Completed" logger=context userId=1 orgId=1 uname=admin method=POST path=/_msearch status=502 remote_addr=::1 time_ms=2028 size=0 referer="http://localhost:3000/dashboard/db/temp-dashboard?refresh=5s&orgId=1"
t=2018-04-07T15:20:54+0530 lvl=info msg="Request Completed" logger=context userId=1 orgId=1 uname=admin method=POST path=/_msearch status=502 remote_addr=::1 time_ms=2008 size=0 referer="http://localhost:3000/dashboard/db/temp-dashboard?refresh=5s&orgId=1"
t=2018-04-07T15:20:54+0530 lvl=info msg="Request Completed" logger=context userId=1 orgId=1 uname=admin method=POST path=/_msearch status=502 remote_addr=::1 time_ms=2012 size=0 referer="http://localhost:3000/dashboard/db/temp-dashboard?refresh=5s&orgId=1"
t=2018-04-07T15:20:54+0530 lvl=info msg="Request Completed" logger=context userId=1 orgId=1 uname=admin method=POST path=/_msearch status=502 remote_addr=::1 time_ms=2034 size=0 referer="http://localhost:3000/dashboard/db/temp-dashboard?refresh=5s&orgId=1"
t=2018-04-07T15:20:59+0530 lvl=info msg="Request Completed" logger=context userId=1 orgId=1 uname=admin method=POST path=/_msearch status=502 remote_addr=::1 time_ms=2018 size=0 referer="http://localhost:3000/dashboard/db/temp-dashboard?refresh=5s&orgId=1"
t=2018-04-07T15:20:59+0530 lvl=info msg="Request Completed" logger=context userId=1 orgId=1 uname=admin method=POST path=/_msearch status=502 remote_addr=::1 time_ms=2018 size=0 referer="http://localhost:3000/dashboard/db/temp-dashboard?refresh=5s&orgId=1"
t=2018-04-07T15:20:59+0530 lvl=info msg="Request Completed" logger=context userId=1 orgId=1 uname=admin method=POST path=/_msearch status=502 remote_addr=::1 time_ms=2024 size=0 referer="http://localhost:3000/dashboard/db/temp-dashboard?refresh=5s&orgId=1"
t=2018-04-07T15:21:04+0530 lvl=info msg="Request Completed" logger=context userId=1 orgId=1 uname=admin method=POST path=/_msearch status=502 remote_addr=::1 time_ms=2007 size=0 referer="http://localhost:3000/dashboard/db/temp-dashboard?refresh=5s&orgId=1"
t=2018-04-07T15:21:04+0530 lvl=info msg="Request Completed" logger=context userId=1 orgId=1 uname=admin method=POST path=/_msearch status=502 remote_addr=::1 time_ms=2008 size=0 referer="http://localhost:3000/dashboard/db/temp-dashboard?refresh=5s&orgId=1"
t=2018-04-07T15:21:04+0530 lvl=info msg="Request Completed" logger=context userId=1 orgId=1 uname=admin method=POST path=/_msearch status=502 remote_addr=::1 time_ms=2018 size=0 referer="http://localhost:3000/dashboard/db/temp-dashboard?refresh=5s&orgId=1"
t=2018-04-07T15:21:09+0530 lvl=info msg="Request Completed" logger=context userId=1 orgId=1 uname=admin method=POST path=/_msearch status=502 remote_addr=::1 time_ms=2010 size=0 referer="http://localhost:3000/dashboard/db/temp-dashboard?refresh=5s&orgId=1"
t=2018-04-07T15:21:09+0530 lvl=info msg="Request Completed" logger=context userId=1 orgId=1 uname=admin method=POST path=/_msearch status=502 remote_addr=::1 time_ms=2017 size=0 referer="http://localhost:3000/dashboard/db/temp-dashboard?refresh=5s&orgId=1"
t=2018-04-07T15:21:09+0530 lvl=info msg="Request Completed" logger=context userId=1 orgId=1 uname=admin method=POST path=/_msearch status=502 remote_addr=::1 time_ms=2037 size=0 referer="http://localhost:3000/dashboard/db/temp-dashboard?refresh=5s&orgId=1"
t=2018-04-07T15:21:14+0530 lvl=info msg="Request Completed" logger=context userId=1 orgId=1 uname=admin method=POST path=/_msearch status=502 remote_addr=::1 time_ms=2020 size=0 referer="http://localhost:3000/dashboard/db/temp-dashboard?refresh=5s&orgId=1"
t=2018-04-07T15:21:14+0530 lvl=info msg="Request Completed" logger=context userId=1 orgId=1 uname=admin method=POST path=/_msearch status=502 remote_addr=::1 time_ms=2028 size=0 referer="http://localhost:3000/dashboard/db/temp-dashboard?refresh=5s&orgId=1"
t=2018-04-07T15:21:14+0530 lvl=info msg="Request Completed" logger=context userId=1 orgId=1 uname=admin method=POST path=/_msearch status=502 remote_addr=::1 time_ms=2049 size=0 referer="http://localhost:3000/dashboard/db/temp-dashboard?refresh=5s&orgId=1"
t=2018-04-07T15:21:19+0530 lvl=info msg="Request Completed" logger=context userId=1 orgId=1 uname=admin method=POST path=/_msearch status=502 remote_addr=::1 time_ms=2014 size=0 referer="http://localhost:3000/dashboard/db/temp-dashboard?refresh=5s&orgId=1"
t=2018-04-07T15:21:19+0530 lvl=info msg="Request Completed" logger=context userId=1 orgId=1 uname=admin method=POST path=/_msearch status=502 remote_addr=::1 time_ms=2011 size=0 referer="http://localhost:3000/dashboard/db/temp-dashboard?refresh=5s&orgId=1"
t=2018-04-07T15:21:19+0530 lvl=info msg="Request Completed" logger=context userId=1 orgId=1 uname=admin method=POST path=/_msearch status=502 remote_addr=::1 time_ms=2013 size=0 referer="http://localhost:3000/dashboard/db/temp-dashboard?refresh=5s&orgId=1"
t=2018-04-07T15:21:24+0530 lvl=info msg="Request Completed" logger=context userId=1 orgId=1 uname=admin method=POST path=/_msearch status=502 remote_addr=::1 time_ms=2012 size=0 referer="http://localhost:3000/dashboard/db/temp-dashboard?refresh=5s&orgId=1"
t=2018-04-07T15:21:24+0530 lvl=info msg="Request Completed" logger=context userId=1 orgId=1 uname=admin method=POST path=/_msearch status=502 remote_addr=::1 time_ms=2019 size=0 referer="http://localhost:3000/dashboard/db/temp-dashboard?refresh=5s&orgId=1"
t=2018-04-07T15:21:24+0530 lvl=info msg="Request Completed" logger=context userId=1 orgId=1 uname=admin method=POST path=/_msearch status=502 remote_addr=::1 time_ms=2036 size=0 referer="http://localhost:3000/dashboard/db/temp-dashboard?refresh=5s&orgId=1"
t=2018-04-07T15:21:29+0530 lvl=info msg="Request Completed" logger=context userId=1 orgId=1 uname=admin method=POST path=/_msearch status=502 remote_addr=::1 time_ms=2021 size=0 referer="http://localhost:3000/dashboard/db/temp-dashboard?refresh=5s&orgId=1"
t=2018-04-07T15:21:29+0530 lvl=info msg="Request Completed" logger=context userId=1 orgId=1 uname=admin method=POST path=/_msearch status=502 remote_addr=::1 time_ms=2024 size=0 referer="http://localhost:3000/dashboard/db/temp-dashboard?refresh=5s&orgId=1"
t=2018-04-07T15:21:29+0530 lvl=info msg="Request Completed" logger=context userId=1 orgId=1 uname=admin method=POST path=/_msearch status=502 remote_addr=::1 time_ms=2039 size=0 referer="http://localhost:3000/dashboard/db/temp-dashboard?refresh=5s&orgId=1"
t=2018-04-07T15:21:34+0530 lvl=info msg="Request Completed" logger=context userId=1 orgId=1 uname=admin method=POST path=/_msearch status=502 remote_addr=::1 time_ms=2013 size=0 referer="http://localhost:3000/dashboard/db/temp-dashboard?refresh=5s&orgId=1"
t=2018-04-07T15:21:34+0530 lvl=info msg="Request Completed" logger=context userId=1 orgId=1 uname=admin method=POST path=/_msearch status=502 remote_addr=::1 time_ms=2011 size=0 referer="http://localhost:3000/dashboard/db/temp-dashboard?refresh=5s&orgId=1"
t=2018-04-07T15:21:34+0530 lvl=info msg="Request Completed" logger=context userId=1 orgId=1 uname=admin method=POST path=/_msearch status=502 remote_addr=::1 time_ms=2013 size=0 referer="http://localhost:3000/dashboard/db/temp-dashboard?refresh=5s&orgId=1"
t=2018-04-07T15:21:39+0530 lvl=info msg="Request Completed" logger=context userId=1 orgId=1 uname=admin method=POST path=/_msearch status=502 remote_addr=::1 time_ms=2011 size=0 referer="http://localhost:3000/dashboard/db/temp-dashboard?refresh=5s&orgId=1"
t=2018-04-07T15:21:39+0530 lvl=info msg="Request Completed" logger=context userId=1 orgId=1 uname=admin method=POST path=/_msearch status=502 remote_addr=::1 time_ms=2020 size=0 referer="http://localhost:3000/dashboard/db/temp-dashboard?refresh=5s&orgId=1"
t=2018-04-07T15:21:39+0530 lvl=info msg="Request Completed" logger=context userId=1 orgId=1 uname=admin method=POST path=/_msearch status=502 remote_addr=::1 time_ms=2036 size=0 referer="http://localhost:3000/dashboard/db/temp-dashboard?refresh=5s&orgId=1"
t=2018-04-07T15:21:44+0530 lvl=info msg="Request Completed" logger=context userId=1 orgId=1 uname=admin method=POST path=/_msearch status=502 remote_addr=::1 time_ms=2019 size=0 referer="http://localhost:3000/dashboard/db/temp-dashboard?refresh=5s&orgId=1"
t=2018-04-07T15:21:44+0530 lvl=info msg="Request Completed" logger=context userId=1 orgId=1 uname=admin method=POST path=/_msearch status=502 remote_addr=::1 time_ms=2024 size=0 referer="http://localhost:3000/dashboard/db/temp-dashboard?refresh=5s&orgId=1"
t=2018-04-07T15:21:44+0530 lvl=info msg="Request Completed" logger=context userId=1 orgId=1 uname=admin method=POST path=/_msearch status=502 remote_addr=::1 time_ms=2041 size=0 referer="http://localhost:3000/dashboard/db/temp-dashboard?refresh=5s&orgId=1"
t=2018-04-07T15:21:49+0530 lvl=info msg="Shutdown started" logger=server code=0 reason="system signal: interrupt"
t=2018-04-07T17:03:55+0530 lvl=info msg="Starting Grafana" logger=main version=4.4.3 commit=54c79c564 compiled=2017-08-07T14:20:18+0530
t=2018-04-07T17:03:55+0530 lvl=info msg="Config loaded from" logger=settings file=E:\\Projects\\Bio-Digester\\grafana-4.4.3.windows-x64\\grafana-4.4.3/conf/defaults.ini
t=2018-04-07T17:03:55+0530 lvl=info msg="Path Home" logger=settings path=E:\\Projects\\Bio-Digester\\grafana-4.4.3.windows-x64\\grafana-4.4.3
t=2018-04-07T17:03:55+0530 lvl=info msg="Path Data" logger=settings path=E:\\Projects\\Bio-Digester\\grafana-4.4.3.windows-x64\\grafana-4.4.3\\data
t=2018-04-07T17:03:55+0530 lvl=info msg="Path Logs" logger=settings path=E:\\Projects\\Bio-Digester\\grafana-4.4.3.windows-x64\\grafana-4.4.3\\data\\log
t=2018-04-07T17:03:55+0530 lvl=info msg="Path Plugins" logger=settings path=E:\\Projects\\Bio-Digester\\grafana-4.4.3.windows-x64\\grafana-4.4.3\\data\\plugins
t=2018-04-07T17:03:55+0530 lvl=info msg="Initializing DB" logger=sqlstore dbtype=sqlite3
t=2018-04-07T17:03:55+0530 lvl=info msg="Starting DB migration" logger=migrator
t=2018-04-07T17:03:55+0530 lvl=info msg="Executing migration" logger=migrator id="copy data account to org"
t=2018-04-07T17:03:55+0530 lvl=info msg="Skipping migration condition not fulfilled" logger=migrator id="copy data account to org"
t=2018-04-07T17:03:55+0530 lvl=info msg="Executing migration" logger=migrator id="copy data account_user to org_user"
t=2018-04-07T17:03:55+0530 lvl=info msg="Skipping migration condition not fulfilled" logger=migrator id="copy data account_user to org_user"
t=2018-04-07T17:03:55+0530 lvl=info msg="Starting plugin search" logger=plugins
t=2018-04-07T17:03:55+0530 lvl=info msg="Registering plugin" logger=plugins name="Alarm Box"
t=2018-04-07T17:03:55+0530 lvl=info msg="Registering plugin" logger=plugins name=Plotly
t=2018-04-07T17:03:55+0530 lvl=info msg="Initializing CleanUpService" logger=cleanup
t=2018-04-07T17:03:55+0530 lvl=info msg="Initializing Alerting" logger=alerting.engine
t=2018-04-07T17:03:55+0530 lvl=info msg="Initializing Stream Manager"
t=2018-04-07T17:03:55+0530 lvl=info msg="Initializing HTTP Server" logger=http.server address=0.0.0.0:3000 protocol=http subUrl= socket=
t=2018-04-07T17:04:06+0530 lvl=info msg="Request Completed" logger=context userId=1 orgId=1 uname=admin method=POST path=/_msearch status=502 remote_addr=::1 time_ms=2005 size=0 referer="http://localhost:3000/dashboard/db/temp-dashboard?refresh=5s&orgId=1"
t=2018-04-07T17:04:06+0530 lvl=info msg="Request Completed" logger=context userId=1 orgId=1 uname=admin method=POST path=/_msearch status=502 remote_addr=::1 time_ms=2007 size=0 referer="http://localhost:3000/dashboard/db/temp-dashboard?refresh=5s&orgId=1"
t=2018-04-07T17:04:06+0530 lvl=info msg="Request Completed" logger=context userId=1 orgId=1 uname=admin method=POST path=/_msearch status=502 remote_addr=::1 time_ms=2006 size=0 referer="http://localhost:3000/dashboard/db/temp-dashboard?refresh=5s&orgId=1"
t=2018-04-07T17:04:11+0530 lvl=info msg="Request Completed" logger=context userId=1 orgId=1 uname=admin method=POST path=/_msearch status=502 remote_addr=::1 time_ms=2008 size=0 referer="http://localhost:3000/dashboard/db/temp-dashboard?refresh=5s&orgId=1"
t=2018-04-07T17:04:11+0530 lvl=info msg="Request Completed" logger=context userId=1 orgId=1 uname=admin method=POST path=/_msearch status=502 remote_addr=::1 time_ms=2015 size=0 referer="http://localhost:3000/dashboard/db/temp-dashboard?refresh=5s&orgId=1"
t=2018-04-07T17:04:11+0530 lvl=info msg="Request Completed" logger=context userId=1 orgId=1 uname=admin method=POST path=/_msearch status=502 remote_addr=::1 time_ms=2011 size=0 referer="http://localhost:3000/dashboard/db/temp-dashboard?refresh=5s&orgId=1"
t=2018-04-07T17:04:16+0530 lvl=info msg="Request Completed" logger=context userId=1 orgId=1 uname=admin method=POST path=/_msearch status=502 remote_addr=::1 time_ms=2013 size=0 referer="http://localhost:3000/dashboard/db/temp-dashboard?refresh=5s&orgId=1"
t=2018-04-07T17:04:16+0530 lvl=info msg="Request Completed" logger=context userId=1 orgId=1 uname=admin method=POST path=/_msearch status=502 remote_addr=::1 time_ms=2015 size=0 referer="http://localhost:3000/dashboard/db/temp-dashboard?refresh=5s&orgId=1"
t=2018-04-07T17:04:16+0530 lvl=info msg="Request Completed" logger=context userId=1 orgId=1 uname=admin method=POST path=/_msearch status=502 remote_addr=::1 time_ms=2024 size=0 referer="http://localhost:3000/dashboard/db/temp-dashboard?refresh=5s&orgId=1"
t=2018-04-07T17:04:21+0530 lvl=info msg="Request Completed" logger=context userId=1 orgId=1 uname=admin method=POST path=/_msearch status=502 remote_addr=::1 time_ms=2012 size=0 referer="http://localhost:3000/dashboard/db/temp-dashboard?refresh=5s&orgId=1"
t=2018-04-07T17:04:21+0530 lvl=info msg="Request Completed" logger=context userId=1 orgId=1 uname=admin method=POST path=/_msearch status=502 remote_addr=::1 time_ms=2014 size=0 referer="http://localhost:3000/dashboard/db/temp-dashboard?refresh=5s&orgId=1"
t=2018-04-07T17:04:21+0530 lvl=info msg="Request Completed" logger=context userId=1 orgId=1 uname=admin method=POST path=/_msearch status=502 remote_addr=::1 time_ms=2025 size=0 referer="http://localhost:3000/dashboard/db/temp-dashboard?refresh=5s&orgId=1"
t=2018-04-07T17:04:26+0530 lvl=info msg="Request Completed" logger=context userId=1 orgId=1 uname=admin method=POST path=/_msearch status=502 remote_addr=::1 time_ms=2012 size=0 referer="http://localhost:3000/dashboard/db/temp-dashboard?refresh=5s&orgId=1"
t=2018-04-07T17:04:26+0530 lvl=info msg="Request Completed" logger=context userId=1 orgId=1 uname=admin method=POST path=/_msearch status=502 remote_addr=::1 time_ms=2012 size=0 referer="http://localhost:3000/dashboard/db/temp-dashboard?refresh=5s&orgId=1"
t=2018-04-07T17:04:26+0530 lvl=info msg="Request Completed" logger=context userId=1 orgId=1 uname=admin method=POST path=/_msearch status=502 remote_addr=::1 time_ms=2024 size=0 referer="http://localhost:3000/dashboard/db/temp-dashboard?refresh=5s&orgId=1"
t=2018-04-07T17:04:31+0530 lvl=info msg="Request Completed" logger=context userId=1 orgId=1 uname=admin method=POST path=/_msearch status=502 remote_addr=::1 time_ms=2015 size=0 referer="http://localhost:3000/dashboard/db/temp-dashboard?refresh=5s&orgId=1"
t=2018-04-07T17:04:31+0530 lvl=info msg="Request Completed" logger=context userId=1 orgId=1 uname=admin method=POST path=/_msearch status=502 remote_addr=::1 time_ms=2013 size=0 referer="http://localhost:3000/dashboard/db/temp-dashboard?refresh=5s&orgId=1"
t=2018-04-07T17:04:31+0530 lvl=info msg="Request Completed" logger=context userId=1 orgId=1 uname=admin method=POST path=/_msearch status=502 remote_addr=::1 time_ms=2018 size=0 referer="http://localhost:3000/dashboard/db/temp-dashboard?refresh=5s&orgId=1"
t=2018-04-07T17:04:36+0530 lvl=info msg="Request Completed" logger=context userId=1 orgId=1 uname=admin method=POST path=/_msearch status=502 remote_addr=::1 time_ms=2014 size=0 referer="http://localhost:3000/dashboard/db/temp-dashboard?refresh=5s&orgId=1"
t=2018-04-07T17:04:36+0530 lvl=info msg="Request Completed" logger=context userId=1 orgId=1 uname=admin method=POST path=/_msearch status=502 remote_addr=::1 time_ms=2014 size=0 referer="http://localhost:3000/dashboard/db/temp-dashboard?refresh=5s&orgId=1"
t=2018-04-07T17:04:36+0530 lvl=info msg="Request Completed" logger=context userId=1 orgId=1 uname=admin method=POST path=/_msearch status=502 remote_addr=::1 time_ms=2016 size=0 referer="http://localhost:3000/dashboard/db/temp-dashboard?refresh=5s&orgId=1"
t=2018-04-07T17:04:41+0530 lvl=info msg="Request Completed" logger=context userId=1 orgId=1 uname=admin method=POST path=/_msearch status=502 remote_addr=::1 time_ms=2013 size=0 referer="http://localhost:3000/dashboard/db/temp-dashboard?refresh=5s&orgId=1"
t=2018-04-07T17:04:41+0530 lvl=info msg="Request Completed" logger=context userId=1 orgId=1 uname=admin method=POST path=/_msearch status=502 remote_addr=::1 time_ms=2014 size=0 referer="http://localhost:3000/dashboard/db/temp-dashboard?refresh=5s&orgId=1"
t=2018-04-07T17:04:41+0530 lvl=info msg="Request Completed" logger=context userId=1 orgId=1 uname=admin method=POST path=/_msearch status=502 remote_addr=::1 time_ms=2015 size=0 referer="http://localhost:3000/dashboard/db/temp-dashboard?refresh=5s&orgId=1"
t=2018-04-07T17:05:41+0530 lvl=info msg="Shutdown started" logger=server code=0 reason="system signal: interrupt"
t=2018-04-28T19:53:21+0530 lvl=info msg="Starting Grafana" logger=main version=4.4.3 commit=54c79c564 compiled=2017-08-07T14:20:18+0530
t=2018-04-28T19:53:21+0530 lvl=info msg="Config loaded from" logger=settings file=E:\\Projects\\Bio-Digester\\grafana-4.4.3.windows-x64\\grafana-4.4.3/conf/defaults.ini
t=2018-04-28T19:53:21+0530 lvl=info msg="Path Home" logger=settings path=E:\\Projects\\Bio-Digester\\grafana-4.4.3.windows-x64\\grafana-4.4.3
t=2018-04-28T19:53:21+0530 lvl=info msg="Path Data" logger=settings path=E:\\Projects\\Bio-Digester\\grafana-4.4.3.windows-x64\\grafana-4.4.3\\data
t=2018-04-28T19:53:21+0530 lvl=info msg="Path Logs" logger=settings path=E:\\Projects\\Bio-Digester\\grafana-4.4.3.windows-x64\\grafana-4.4.3\\data\\log
t=2018-04-28T19:53:21+0530 lvl=info msg="Path Plugins" logger=settings path=E:\\Projects\\Bio-Digester\\grafana-4.4.3.windows-x64\\grafana-4.4.3\\data\\plugins
t=2018-04-28T19:53:21+0530 lvl=info msg="Initializing DB" logger=sqlstore dbtype=sqlite3
t=2018-04-28T19:53:21+0530 lvl=info msg="Starting DB migration" logger=migrator
t=2018-04-28T19:53:21+0530 lvl=info msg="Executing migration" logger=migrator id="copy data account to org"
t=2018-04-28T19:53:21+0530 lvl=info msg="Skipping migration condition not fulfilled" logger=migrator id="copy data account to org"
t=2018-04-28T19:53:21+0530 lvl=info msg="Executing migration" logger=migrator id="copy data account_user to org_user"
t=2018-04-28T19:53:21+0530 lvl=info msg="Skipping migration condition not fulfilled" logger=migrator id="copy data account_user to org_user"
t=2018-04-28T19:53:21+0530 lvl=info msg="Starting plugin search" logger=plugins
t=2018-04-28T19:53:21+0530 lvl=info msg="Registering plugin" logger=plugins name="Alarm Box"
t=2018-04-28T19:53:21+0530 lvl=info msg="Registering plugin" logger=plugins name=Plotly
t=2018-04-28T19:53:21+0530 lvl=info msg="Initializing Alerting" logger=alerting.engine
t=2018-04-28T19:53:21+0530 lvl=info msg="Initializing CleanUpService" logger=cleanup
t=2018-04-28T19:53:21+0530 lvl=info msg="Initializing Stream Manager"
t=2018-04-28T19:53:21+0530 lvl=info msg="Initializing HTTP Server" logger=http.server address=0.0.0.0:3000 protocol=http subUrl= socket=
t=2018-04-28T19:53:30+0530 lvl=info msg="Request Completed" logger=context userId=0 orgId=0 uname= method=GET path=/ status=302 remote_addr=[::1] time_ms=2 size=29 referer=
t=2018-04-28T20:02:15+0530 lvl=info msg="Shutdown started" logger=server code=0 reason="system signal: interrupt"
t=2018-04-28T20:02:45+0530 lvl=info msg="Starting Grafana" logger=main version=4.4.3 commit=54c79c564 compiled=2017-08-07T14:20:18+0530
t=2018-04-28T20:02:45+0530 lvl=info msg="Config loaded from" logger=settings file=E:\\Projects\\Bio-Digester\\grafana-4.4.3.windows-x64\\grafana-4.4.3/conf/defaults.ini
t=2018-04-28T20:02:45+0530 lvl=info msg="Path Home" logger=settings path=E:\\Projects\\Bio-Digester\\grafana-4.4.3.windows-x64\\grafana-4.4.3
t=2018-04-28T20:02:45+0530 lvl=info msg="Path Data" logger=settings path=E:\\Projects\\Bio-Digester\\grafana-4.4.3.windows-x64\\grafana-4.4.3\\data
t=2018-04-28T20:02:45+0530 lvl=info msg="Path Logs" logger=settings path=E:\\Projects\\Bio-Digester\\grafana-4.4.3.windows-x64\\grafana-4.4.3\\data\\log
t=2018-04-28T20:02:45+0530 lvl=info msg="Path Plugins" logger=settings path=E:\\Projects\\Bio-Digester\\grafana-4.4.3.windows-x64\\grafana-4.4.3\\data\\plugins
t=2018-04-28T20:02:45+0530 lvl=info msg="Initializing DB" logger=sqlstore dbtype=sqlite3
t=2018-04-28T20:02:45+0530 lvl=info msg="Starting DB migration" logger=migrator
t=2018-04-28T20:02:45+0530 lvl=info msg="Executing migration" logger=migrator id="copy data account to org"
t=2018-04-28T20:02:45+0530 lvl=info msg="Skipping migration condition not fulfilled" logger=migrator id="copy data account to org"
t=2018-04-28T20:02:45+0530 lvl=info msg="Executing migration" logger=migrator id="copy data account_user to org_user"
t=2018-04-28T20:02:45+0530 lvl=info msg="Skipping migration condition not fulfilled" logger=migrator id="copy data account_user to org_user"
t=2018-04-28T20:02:45+0530 lvl=info msg="Starting plugin search" logger=plugins
t=2018-04-28T20:02:45+0530 lvl=info msg="Registering plugin" logger=plugins name="Alarm Box"
t=2018-04-28T20:02:45+0530 lvl=info msg="Registering plugin" logger=plugins name=Plotly
t=2018-04-28T20:02:45+0530 lvl=info msg="Initializing CleanUpService" logger=cleanup
t=2018-04-28T20:02:45+0530 lvl=info msg="Initializing Alerting" logger=alerting.engine
t=2018-04-28T20:02:45+0530 lvl=info msg="Initializing Stream Manager"
t=2018-04-28T20:02:45+0530 lvl=info msg="Initializing HTTP Server" logger=http.server address=0.0.0.0:3000 protocol=http subUrl= socket=
t=2018-04-28T20:03:28+0530 lvl=info msg="Shutdown started" logger=server code=0 reason="system signal: interrupt"
t=2018-04-28T20:03:33+0530 lvl=info msg="Starting Grafana" logger=main version=4.4.3 commit=54c79c564 compiled=2017-08-07T14:20:18+0530
t=2018-04-28T20:03:33+0530 lvl=info msg="Config loaded from" logger=settings file=E:\\Projects\\Bio-Digester\\grafana-4.4.3.windows-x64\\grafana-4.4.3/conf/defaults.ini
t=2018-04-28T20:03:33+0530 lvl=info msg="Path Home" logger=settings path=E:\\Projects\\Bio-Digester\\grafana-4.4.3.windows-x64\\grafana-4.4.3
t=2018-04-28T20:03:33+0530 lvl=info msg="Path Data" logger=settings path=E:\\Projects\\Bio-Digester\\grafana-4.4.3.windows-x64\\grafana-4.4.3\\data
t=2018-04-28T20:03:33+0530 lvl=info msg="Path Logs" logger=settings path=E:\\Projects\\Bio-Digester\\grafana-4.4.3.windows-x64\\grafana-4.4.3\\data\\log
t=2018-04-28T20:03:33+0530 lvl=info msg="Path Plugins" logger=settings path=E:\\Projects\\Bio-Digester\\grafana-4.4.3.windows-x64\\grafana-4.4.3\\data\\plugins
t=2018-04-28T20:03:33+0530 lvl=info msg="Initializing DB" logger=sqlstore dbtype=sqlite3
t=2018-04-28T20:03:33+0530 lvl=info msg="Starting DB migration" logger=migrator
t=2018-04-28T20:03:33+0530 lvl=info msg="Executing migration" logger=migrator id="copy data account to org"
t=2018-04-28T20:03:33+0530 lvl=info msg="Skipping migration condition not fulfilled" logger=migrator id="copy data account to org"
t=2018-04-28T20:03:33+0530 lvl=info msg="Executing migration" logger=migrator id="copy data account_user to org_user"
t=2018-04-28T20:03:33+0530 lvl=info msg="Skipping migration condition not fulfilled" logger=migrator id="copy data account_user to org_user"
t=2018-04-28T20:03:33+0530 lvl=info msg="Starting plugin search" logger=plugins
t=2018-04-28T20:03:33+0530 lvl=info msg="Registering plugin" logger=plugins name="Alarm Box"
t=2018-04-28T20:03:33+0530 lvl=info msg="Registering plugin" logger=plugins name=Plotly
t=2018-04-28T20:03:33+0530 lvl=info msg="Initializing CleanUpService" logger=cleanup
t=2018-04-28T20:03:33+0530 lvl=info msg="Initializing Alerting" logger=alerting.engine
t=2018-04-28T20:03:33+0530 lvl=info msg="Initializing Stream Manager"
t=2018-04-28T20:03:33+0530 lvl=info msg="Initializing HTTP Server" logger=http.server address=0.0.0.0:3000 protocol=http subUrl= socket=
t=2018-04-28T20:30:23+0530 lvl=info msg="Request Completed" logger=context userId=1 orgId=1 uname=admin method=GET path=/sensors/readings/_mapping status=502 remote_addr=::1 time_ms=15 size=0 referer=http://localhost:3000/datasources/edit/2
t=2018-04-28T20:34:31+0530 lvl=info msg="Request Completed" logger=context userId=1 orgId=1 uname=admin method=GET path=/sensor/_mapping status=404 remote_addr=::1 time_ms=3 size=307 referer="http://localhost:3000/dashboard/db/temp-dashboard?refresh=5s&panelId=1&fullscreen&edit&orgId=1&from=now-5m&to=now"
t=2018-04-28T20:34:34+0530 lvl=info msg="Request Completed" logger=context userId=1 orgId=1 uname=admin method=GET path=/sensor/_mapping status=404 remote_addr=::1 time_ms=10 size=307 referer="http://localhost:3000/dashboard/db/temp-dashboard?refresh=5s&panelId=1&fullscreen&edit&orgId=1&from=now-5m&to=now"
t=2018-04-28T20:34:34+0530 lvl=info msg="Request Completed" logger=context userId=1 orgId=1 uname=admin method=GET path=/sensor/_mapping status=404 remote_addr=::1 time_ms=7 size=307 referer="http://localhost:3000/dashboard/db/temp-dashboard?refresh=5s&panelId=1&fullscreen&edit&orgId=1&from=now-5m&to=now"
t=2018-04-28T20:34:34+0530 lvl=info msg="Request Completed" logger=context userId=1 orgId=1 uname=admin method=GET path=/sensor/_mapping status=404 remote_addr=::1 time_ms=11 size=307 referer="http://localhost:3000/dashboard/db/temp-dashboard?refresh=5s&panelId=1&fullscreen&edit&orgId=1&from=now-5m&to=now"
t=2018-04-28T20:34:35+0530 lvl=info msg="Request Completed" logger=context userId=1 orgId=1 uname=admin method=GET path=/sensor/_mapping status=404 remote_addr=::1 time_ms=10 size=307 referer="http://localhost:3000/dashboard/db/temp-dashboard?refresh=5s&panelId=1&fullscreen&edit&orgId=1&from=now-5m&to=now"
t=2018-04-28T20:34:35+0530 lvl=info msg="Request Completed" logger=context userId=1 orgId=1 uname=admin method=GET path=/sensor/_mapping status=404 remote_addr=::1 time_ms=10 size=307 referer="http://localhost:3000/dashboard/db/temp-dashboard?refresh=5s&panelId=1&fullscreen&edit&orgId=1&from=now-5m&to=now"
t=2018-04-28T20:34:35+0530 lvl=info msg="Request Completed" logger=context userId=1 orgId=1 uname=admin method=GET path=/sensor/_mapping status=404 remote_addr=::1 time_ms=10 size=307 referer="http://localhost:3000/dashboard/db/temp-dashboard?refresh=5s&panelId=1&fullscreen&edit&orgId=1&from=now-5m&to=now"
t=2018-04-28T20:34:36+0530 lvl=info msg="Request Completed" logger=context userId=1 orgId=1 uname=admin method=GET path=/sensor/_mapping status=404 remote_addr=::1 time_ms=11 size=307 referer="http://localhost:3000/dashboard/db/temp-dashboard?refresh=5s&panelId=1&fullscreen&edit&orgId=1&from=now-5m&to=now"
t=2018-04-28T20:34:36+0530 lvl=info msg="Request Completed" logger=context userId=1 orgId=1 uname=admin method=GET path=/sensor/_mapping status=404 remote_addr=::1 time_ms=4 size=307 referer="http://localhost:3000/dashboard/db/temp-dashboard?refresh=5s&panelId=1&fullscreen&edit&orgId=1&from=now-5m&to=now"
t=2018-04-28T20:34:37+0530 lvl=info msg="Request Completed" logger=context userId=1 orgId=1 uname=admin method=GET path=/sensor/_mapping status=404 remote_addr=::1 time_ms=10 size=307 referer="http://localhost:3000/dashboard/db/temp-dashboard?refresh=5s&panelId=1&fullscreen&edit&orgId=1&from=now-5m&to=now"
t=2018-04-28T20:34:38+0530 lvl=info msg="Request Completed" logger=context userId=1 orgId=1 uname=admin method=GET path=/sensor/_mapping status=404 remote_addr=::1 time_ms=11 size=307 referer="http://localhost:3000/dashboard/db/temp-dashboard?refresh=5s&panelId=1&fullscreen&edit&orgId=1&from=now-5m&to=now"
t=2018-04-28T20:34:38+0530 lvl=info msg="Request Completed" logger=context userId=1 orgId=1 uname=admin method=GET path=/sensor/_mapping status=404 remote_addr=::1 time_ms=10 size=307 referer="http://localhost:3000/dashboard/db/temp-dashboard?refresh=5s&panelId=1&fullscreen&edit&orgId=1&from=now-5m&to=now"
t=2018-04-28T20:34:38+0530 lvl=info msg="Request Completed" logger=context userId=1 orgId=1 uname=admin method=GET path=/sensor/_mapping status=404 remote_addr=::1 time_ms=11 size=307 referer="http://localhost:3000/dashboard/db/temp-dashboard?refresh=5s&panelId=1&fullscreen&edit&orgId=1&from=now-5m&to=now"
t=2018-04-28T20:34:44+0530 lvl=info msg="Request Completed" logger=context userId=1 orgId=1 uname=admin method=GET path=/sensor/_mapping status=404 remote_addr=::1 time_ms=3 size=307 referer="http://localhost:3000/dashboard/db/temp-dashboard?refresh=5s&panelId=1&fullscreen&edit&orgId=1&from=now-5m&to=now"
t=2018-04-28T20:34:48+0530 lvl=info msg="Request Completed" logger=context userId=1 orgId=1 uname=admin method=GET path=/sensor/_mapping status=404 remote_addr=::1 time_ms=3 size=307 referer="http://localhost:3000/dashboard/db/temp-dashboard?refresh=5s&panelId=1&fullscreen&edit&orgId=1&from=now-5m&to=now"
t=2018-04-28T20:43:49+0530 lvl=info msg="Shutdown started" logger=server code=0 reason="system signal: interrupt"
t=2018-04-28T20:58:32+0530 lvl=info msg="Starting Grafana" logger=main version=4.4.3 commit=54c79c564 compiled=2017-08-07T14:20:18+0530
t=2018-04-28T20:58:32+0530 lvl=info msg="Config loaded from" logger=settings file=E:\\Projects\\Bio-Digester\\grafana-4.4.3.windows-x64\\grafana-4.4.3/conf/defaults.ini
t=2018-04-28T20:58:32+0530 lvl=info msg="Path Home" logger=settings path=E:\\Projects\\Bio-Digester\\grafana-4.4.3.windows-x64\\grafana-4.4.3
t=2018-04-28T20:58:32+0530 lvl=info msg="Path Data" logger=settings path=E:\\Projects\\Bio-Digester\\grafana-4.4.3.windows-x64\\grafana-4.4.3\\data
t=2018-04-28T20:58:32+0530 lvl=info msg="Path Logs" logger=settings path=E:\\Projects\\Bio-Digester\\grafana-4.4.3.windows-x64\\grafana-4.4.3\\data\\log
t=2018-04-28T20:58:32+0530 lvl=info msg="Path Plugins" logger=settings path=E:\\Projects\\Bio-Digester\\grafana-4.4.3.windows-x64\\grafana-4.4.3\\data\\plugins
t=2018-04-28T20:58:32+0530 lvl=info msg="Initializing DB" logger=sqlstore dbtype=sqlite3
t=2018-04-28T20:58:32+0530 lvl=info msg="Starting DB migration" logger=migrator
t=2018-04-28T20:58:32+0530 lvl=info msg="Executing migration" logger=migrator id="copy data account to org"
t=2018-04-28T20:58:32+0530 lvl=info msg="Skipping migration condition not fulfilled" logger=migrator id="copy data account to org"
t=2018-04-28T20:58:32+0530 lvl=info msg="Executing migration" logger=migrator id="copy data account_user to org_user"
t=2018-04-28T20:58:32+0530 lvl=info msg="Skipping migration condition not fulfilled" logger=migrator id="copy data account_user to org_user"
t=2018-04-28T20:58:32+0530 lvl=info msg="Starting plugin search" logger=plugins
t=2018-04-28T20:58:32+0530 lvl=info msg="Registering plugin" logger=plugins name="Alarm Box"
t=2018-04-28T20:58:32+0530 lvl=info msg="Registering plugin" logger=plugins name=Plotly
t=2018-04-28T20:58:32+0530 lvl=info msg="Initializing CleanUpService" logger=cleanup
t=2018-04-28T20:58:32+0530 lvl=info msg="Initializing Alerting" logger=alerting.engine
t=2018-04-28T20:58:32+0530 lvl=info msg="Initializing Stream Manager"
t=2018-04-28T20:58:32+0530 lvl=info msg="Initializing HTTP Server" logger=http.server address=0.0.0.0:3000 protocol=http subUrl= socket=
t=2018-04-28T21:32:43+0530 lvl=info msg="Shutdown started" logger=server code=0 reason="system signal: interrupt"
